[INFO  - 2017-06-17T20:34:20.296Z] GhostDriver - Main - running on port 55959
[INFO  - 2017-06-17T20:34:20.517Z] Session [57713510-539c-11e7-aaa8-33ff0612fb7a] - page.settings - {"XSSAuditingEnabled":false,"javascriptCanCloseWindows":true,"javascriptCanOpenWindows":true,"javascriptEnabled":true,"loadImages":true,"localToRemoteUrlAccessEnabled":false,"userAgent":"Mozilla/5.0 (Macintosh; Intel Mac OS X) AppleWebKit/538.1 (KHTML, like Gecko) PhantomJS/2.1.1 Safari/538.1","webSecurityEnabled":true}
[INFO  - 2017-06-17T20:34:20.517Z] Session [57713510-539c-11e7-aaa8-33ff0612fb7a] - page.customHeaders:  - {}
[INFO  - 2017-06-17T20:34:20.518Z] Session [57713510-539c-11e7-aaa8-33ff0612fb7a] - Session.negotiatedCapabilities - {"browserName":"phantomjs","version":"2.1.1","driverName":"ghostdriver","driverVersion":"1.2.0","platform":"mac-unknown-64bit","javascriptEnabled":true,"takesScreenshot":true,"handlesAlerts":false,"databaseEnabled":false,"locationContextEnabled":false,"applicationCacheEnabled":false,"browserConnectionEnabled":false,"cssSelectorsEnabled":true,"webStorageEnabled":false,"rotatable":false,"acceptSslCerts":false,"nativeEvents":true,"proxy":{"proxyType":"direct"}}
[INFO  - 2017-06-17T20:34:20.518Z] SessionManagerReqHand - _postNewSessionCommand - New Session Created: 57713510-539c-11e7-aaa8-33ff0612fb7a
[ERROR - 2017-06-17T20:34:27.470Z] Session [57713510-539c-11e7-aaa8-33ff0612fb7a] - page.onError - msg: TypeError: undefined is not a constructor (evaluating 'c.getElementById("cp-"+d)')

  phantomjs://platform/console++.js:263 in error
[ERROR - 2017-06-17T20:34:27.470Z] Session [57713510-539c-11e7-aaa8-33ff0612fb7a] - page.onError - stack:
  rm (https://www.youtube.com/yts/jsbin/www-en_US-vflBNfd5x/watch_transcript.js:111)
  (anonymous function) (:0)
  (anonymous function) (https://www.youtube.com/yts/jsbin/www-en_US-vflBNfd5x/watch_transcript.js:56)
  (anonymous function) (:0)
  (anonymous function) (https://www.youtube.com/yts/jsbin/www-en_US-vflBNfd5x/base.js:360)
  l (https://www.youtube.com/yts/jsbin/www-en_US-vflBNfd5x/base.js:370)

  phantomjs://platform/console++.js:263 in error
[ERROR - 2017-06-17T20:34:27.581Z] WebElementLocator - _handleLocateCommand - Element(s) NOT Found: GAVE UP. Search Stop Time: 1497731667552

  phantomjs://platform/console++.js:263 in error
[ERROR - 2017-06-17T20:34:29.212Z] WebElementLocator - _handleLocateCommand - Element(s) NOT Found: GAVE UP. Search Stop Time: 1497731669191

  phantomjs://platform/console++.js:263 in error
[ERROR - 2017-06-17T20:34:30.607Z] WebElementLocator - _handleLocateCommand - Element(s) NOT Found: GAVE UP. Search Stop Time: 1497731670588

  phantomjs://platform/console++.js:263 in error
[ERROR - 2017-06-17T20:34:32.006Z] WebElementLocator - _handleLocateCommand - Element(s) NOT Found: GAVE UP. Search Stop Time: 1497731671979

  phantomjs://platform/console++.js:263 in error
[ERROR - 2017-06-17T20:34:33.435Z] WebElementLocator - _handleLocateCommand - Element(s) NOT Found: GAVE UP. Search Stop Time: 1497731673413

  phantomjs://platform/console++.js:263 in error
[ERROR - 2017-06-17T20:34:34.837Z] WebElementLocator - _handleLocateCommand - Element(s) NOT Found: GAVE UP. Search Stop Time: 1497731674822

  phantomjs://platform/console++.js:263 in error
[ERROR - 2017-06-17T20:34:36.290Z] WebElementLocator - _handleLocateCommand - Element(s) NOT Found: GAVE UP. Search Stop Time: 1497731676271

  phantomjs://platform/console++.js:263 in error
